{"C:\\Users\\ISIGBA\\OneDrive\\Desktop\\pre-microverse\\My-projects\\module2\\JavaScript-Capstone-group-project\\src\\__mock__\\countMovies.js": {"path":"C:\\Users\\ISIGBA\\OneDrive\\Desktop\\pre-microverse\\My-projects\\module2\\JavaScript-Capstone-group-project\\src\\__mock__\\countMovies.js","statementMap":{"0":{"start":{"line":1,"column":15},"end":{"line":1,"column":46}},"1":{"start":{"line":1,"column":29},"end":{"line":1,"column":46}}},"fnMap":{"0":{"name":"(anonymous_0)","decl":{"start":{"line":1,"column":15},"end":{"line":1,"column":16}},"loc":{"start":{"line":1,"column":29},"end":{"line":1,"column":46}},"line":1}},"branchMap":{},"s":{"0":1,"1":1},"f":{"0":1},"b":{},"_coverageSchema":"1a1c01bbd47fc00a2c39e90264f33305004495a9","hash":"2f547ec67e400468ed13fec24eff2fa7f07ebff5"}
}
